# JRE version: Java(TM) SE Runtime Environment (8.0_181-b13) (build 1.8.0_181-b13)
# Java VM: Java HotSpot(TM) 64-Bit Server VM (25.181-b13 mixed mode windows-amd64 compressed oops)
Heap:
 PSYoungGen      total 544256K, used 130567K [0x00000000d5e00000, 0x0000000100000000, 0x0000000100000000)
  eden space 514560K, 22% used [0x00000000d5e00000,0x00000000dccfe408,0x00000000f5480000)
  from space 29696K, 56% used [0x00000000f5480000,0x00000000f6503960,0x00000000f7180000)
  to   space 29184K, 0% used [0x00000000fe380000,0x00000000fe380000,0x0000000100000000)
 ParOldGen       total 126464K, used 75819K [0x0000000081a00000, 0x0000000089580000, 0x00000000d5e00000)
  object space 126464K, 59% used [0x0000000081a00000,0x000000008640af88,0x0000000089580000)
 Metaspace       used 61958K, capacity 63968K, committed 64128K, reserved 1105920K
  class space    used 8001K, capacity 8493K, committed 8576K, reserved 1048576K
GC Heap History (10 events):
Event: 7.931 GC heap before
{Heap before GC invocations=12 (full 2):
 PSYoungGen      total 254464K, used 254463K [0x00000000d5e00000, 0x00000000ee400000, 0x0000000100000000)
  eden space 240128K, 100% used [0x00000000d5e00000,0x00000000e4880000,0x00000000e4880000)
  from space 14336K, 99% used [0x00000000e4880000,0x00000000e567ffa0,0x00000000e5680000)
  to   space 17920K, 0% used [0x00000000ed280000,0x00000000ed280000,0x00000000ee400000)
 ParOldGen       total 64512K, used 23008K [0x0000000081a00000, 0x0000000085900000, 0x00000000d5e00000)
  object space 64512K, 35% used [0x0000000081a00000,0x0000000083078240,0x0000000085900000)
 Metaspace       used 49266K, capacity 50864K, committed 51200K, reserved 1093632K
  class space    used 6642K, capacity 7085K, committed 7168K, reserved 1048576K
Event: 7.951 GC heap after
Heap after GC invocations=12 (full 2):
 PSYoungGen      total 375808K, used 17888K [0x00000000d5e00000, 0x00000000eea80000, 0x0000000100000000)
  eden space 357888K, 0% used [0x00000000d5e00000,0x00000000d5e00000,0x00000000ebb80000)
  from space 17920K, 99% used [0x00000000ed280000,0x00000000ee3f8210,0x00000000ee400000)
  to   space 23552K, 0% used [0x00000000ebb80000,0x00000000ebb80000,0x00000000ed280000)
 ParOldGen       total 64512K, used 31420K [0x0000000081a00000, 0x0000000085900000, 0x00000000d5e00000)
  object space 64512K, 48% used [0x0000000081a00000,0x00000000838af028,0x0000000085900000)
 Metaspace       used 49266K, capacity 50864K, committed 51200K, reserved 1093632K
  class space    used 6642K, capacity 7085K, committed 7168K, reserved 1048576K
}
Event: 10.523 GC heap before
{Heap before GC invocations=13 (full 2):
 PSYoungGen      total 375808K, used 375776K [0x00000000d5e00000, 0x00000000eea80000, 0x0000000100000000)
  eden space 357888K, 100% used [0x00000000d5e00000,0x00000000ebb80000,0x00000000ebb80000)
  from space 17920K, 99% used [0x00000000ed280000,0x00000000ee3f8210,0x00000000ee400000)
  to   space 23552K, 0% used [0x00000000ebb80000,0x00000000ebb80000,0x00000000ed280000)
 ParOldGen       total 64512K, used 31420K [0x0000000081a00000, 0x0000000085900000, 0x00000000d5e00000)
  object space 64512K, 48% used [0x0000000081a00000,0x00000000838af028,0x0000000085900000)
 Metaspace       used 51547K, capacity 53480K, committed 53760K, reserved 1095680K
  class space    used 6919K, capacity 7395K, committed 7424K, reserved 1048576K
Event: 10.545 GC heap after
Heap after GC invocations=13 (full 2):
 PSYoungGen      total 381440K, used 12118K [0x00000000d5e00000, 0x00000000f8b00000, 0x0000000100000000)
  eden space 357888K, 0% used [0x00000000d5e00000,0x00000000d5e00000,0x00000000ebb80000)
  from space 23552K, 51% used [0x00000000ebb80000,0x00000000ec7559f8,0x00000000ed280000)
  to   space 22528K, 0% used [0x00000000f7500000,0x00000000f7500000,0x00000000f8b00000)
 ParOldGen       total 64512K, used 49246K [0x0000000081a00000, 0x0000000085900000, 0x00000000d5e00000)
  object space 64512K, 76% used [0x0000000081a00000,0x0000000084a17a38,0x0000000085900000)
 Metaspace       used 51547K, capacity 53480K, committed 53760K, reserved 1095680K
  class space    used 6919K, capacity 7395K, committed 7424K, reserved 1048576K
}
Event: 16.093 GC heap before
{Heap before GC invocations=14 (full 2):
 PSYoungGen      total 381440K, used 324749K [0x00000000d5e00000, 0x00000000f8b00000, 0x0000000100000000)
  eden space 357888K, 87% used [0x00000000d5e00000,0x00000000e8f4da58,0x00000000ebb80000)
  from space 23552K, 51% used [0x00000000ebb80000,0x00000000ec7559f8,0x00000000ed280000)
  to   space 22528K, 0% used [0x00000000f7500000,0x00000000f7500000,0x00000000f8b00000)
 ParOldGen       total 64512K, used 49246K [0x0000000081a00000, 0x0000000085900000, 0x00000000d5e00000)
  object space 64512K, 76% used [0x0000000081a00000,0x0000000084a17a38,0x0000000085900000)
 Metaspace       used 57101K, capacity 59040K, committed 59136K, reserved 1099776K
  class space    used 7461K, capacity 7925K, committed 7936K, reserved 1048576K
Event: 16.119 GC heap after
Heap after GC invocations=14 (full 2):
 PSYoungGen      total 537088K, used 22507K [0x00000000d5e00000, 0x00000000f8e80000, 0x0000000100000000)
  eden space 514560K, 0% used [0x00000000d5e00000,0x00000000d5e00000,0x00000000f5480000)
  from space 22528K, 99% used [0x00000000f7500000,0x00000000f8afaf00,0x00000000f8b00000)
  to   space 29696K, 0% used [0x00000000f5480000,0x00000000f5480000,0x00000000f7180000)
 ParOldGen       total 64512K, used 60405K [0x0000000081a00000, 0x0000000085900000, 0x00000000d5e00000)
  object space 64512K, 93% used [0x0000000081a00000,0x00000000854fd5f8,0x0000000085900000)
 Metaspace       used 57101K, capacity 59040K, committed 59136K, reserved 1099776K
  class space    used 7461K, capacity 7925K, committed 7936K, reserved 1048576K
}
Event: 16.119 GC heap before
{Heap before GC invocations=15 (full 3):
 PSYoungGen      total 537088K, used 22507K [0x00000000d5e00000, 0x00000000f8e80000, 0x0000000100000000)
  eden space 514560K, 0% used [0x00000000d5e00000,0x00000000d5e00000,0x00000000f5480000)
  from space 22528K, 99% used [0x00000000f7500000,0x00000000f8afaf00,0x00000000f8b00000)
  to   space 29696K, 0% used [0x00000000f5480000,0x00000000f5480000,0x00000000f7180000)
 ParOldGen       total 64512K, used 60405K [0x0000000081a00000, 0x0000000085900000, 0x00000000d5e00000)
  object space 64512K, 93% used [0x0000000081a00000,0x00000000854fd5f8,0x0000000085900000)
 Metaspace       used 57101K, capacity 59040K, committed 59136K, reserved 1099776K
  class space    used 7461K, capacity 7925K, committed 7936K, reserved 1048576K
Event: 16.375 GC heap after
Heap after GC invocations=15 (full 3):
 PSYoungGen      total 537088K, used 12614K [0x00000000d5e00000, 0x00000000f8e80000, 0x0000000100000000)
  eden space 514560K, 0% used [0x00000000d5e00000,0x00000000d5e00000,0x00000000f5480000)
  from space 22528K, 55% used [0x00000000f7500000,0x00000000f81518f8,0x00000000f8b00000)
  to   space 29696K, 0% used [0x00000000f5480000,0x00000000f5480000,0x00000000f7180000)
 ParOldGen       total 126464K, used 63937K [0x0000000081a00000, 0x0000000089580000, 0x00000000d5e00000)
  object space 126464K, 50% used [0x0000000081a00000,0x0000000085870718,0x0000000089580000)
 Metaspace       used 57101K, capacity 59040K, committed 59136K, reserved 1099776K
  class space    used 7461K, capacity 7925K, committed 7936K, reserved 1048576K
}
Event: 20.812 GC heap before
{Heap before GC invocations=16 (full 3):
 PSYoungGen      total 537088K, used 527174K [0x00000000d5e00000, 0x00000000f8e80000, 0x0000000100000000)
  eden space 514560K, 100% used [0x00000000d5e00000,0x00000000f5480000,0x00000000f5480000)
  from space 22528K, 55% used [0x00000000f7500000,0x00000000f81518f8,0x00000000f8b00000)
  to   space 29696K, 0% used [0x00000000f5480000,0x00000000f5480000,0x00000000f7180000)
 ParOldGen       total 126464K, used 63937K [0x0000000081a00000, 0x0000000089580000, 0x00000000d5e00000)
  object space 126464K, 50% used [0x0000000081a00000,0x0000000085870718,0x0000000089580000)
 Metaspace       used 61841K, capacity 63828K, committed 64128K, reserved 1105920K
  class space    used 7986K, capacity 8491K, committed 8576K, reserved 1048576K
Event: 20.839 GC heap after
Heap after GC invocations=16 (full 3):
 PSYoungGen      total 544256K, used 16910K [0x00000000d5e00000, 0x0000000100000000, 0x0000000100000000)
  eden space 514560K, 0% used [0x00000000d5e00000,0x00000000d5e00000,0x00000000f5480000)
  from space 29696K, 56% used [0x00000000f5480000,0x00000000f6503960,0x00000000f7180000)
  to   space 29184K, 0% used [0x00000000fe380000,0x00000000fe380000,0x0000000100000000)
 ParOldGen       total 126464K, used 75819K [0x0000000081a00000, 0x0000000089580000, 0x00000000d5e00000)
  object space 126464K, 59% used [0x0000000081a00000,0x000000008640af88,0x0000000089580000)
 Metaspace       used 61841K, capacity 63828K, committed 64128K, reserved 1105920K
  class space    used 7986K, capacity 8491K, committed 8576K, reserved 1048576K
}

